Arguments: 
  C:\Program Files\nodejs\node.exe C:\Users\liush\AppData\Roaming\npm\node_modules\yarn\bin\yarn.js

PATH: 
  C:\Windows\system32;C:\Windows;C:\Windows\System32\Wbem;C:\Windows\System32\WindowsPowerShell\v1.0\;C:\Windows\System32\OpenSSH\;C:\Program Files (x86)\NVIDIA Corporation\PhysX\Common;C:\Program Files\NVIDIA Corporation\NVIDIA NvDLISR;C:\Program Files\Git\cmd;C:\WINDOWS\system32;C:\WINDOWS;C:\WINDOWS\System32\Wbem;C:\WINDOWS\System32\WindowsPowerShell\v1.0\;C:\WINDOWS\System32\OpenSSH\;F:\ftp\;C:\ProgramData\chocolatey\bin;C:\Program Files\nodejs\;C:\Users\liush\AppData\Local\Microsoft\WindowsApps;;D:\Microsoft VS Code\bin;C:\Users\liush\AppData\Roaming\npm

Yarn version: 
  1.22.11

Node version: 
  16.13.1

Platform: 
  win32 x64

Trace: 
  SyntaxError: F:\GAME\user\package.json: Unexpected token } in JSON at position 523
      at JSON.parse (<anonymous>)
      at C:\Users\liush\AppData\Roaming\npm\node_modules\yarn\lib\cli.js:1625:59
      at Generator.next (<anonymous>)
      at step (C:\Users\liush\AppData\Roaming\npm\node_modules\yarn\lib\cli.js:310:30)
      at C:\Users\liush\AppData\Roaming\npm\node_modules\yarn\lib\cli.js:321:13

npm manifest: 
  {
      "id": "ming-picker",
      "name": "底部选择器！地区选择器！三级地区选择器，包含澳门、台湾、xiang港！可默认选中",
      "version": "1.0.1",
      "description": "独立封装的三级地区选择器，可默认选中某个地区。包含澳门、台湾、xiang港地区！细选到区级！独立组件 picker 底部选择器 省市区选择器 h5 小程序 安卓APP IOS",
      "keywords": [
          "选择器",
          "三级选择器",
          "默认选中选择器",
          "澳门",
          "xiang港，台湾选择器"
      ],
      "dependencies": {
          "js-md5": "^0.7.3",
          "js-pinyin": "^0.1.9",
          "tim-js-sdk": "^2.15.0",
          "tim-upload-plugin": "^1.0.3",
          "tim-wx-sdk": "^2.15.0",
  		
      }
  }

yarn manifest: 
  No manifest

Lockfile: 
  No lockfile
